<?xml version="1.0" encoding="UTF-8"?>
<!-- Generated by org.testng.reporters.JUnitXMLReporter -->
<testsuite hostname="Lenovo-pc" name="Test-Keyword" tests="1" failures="0" timestamp="27 May 2016 03:31:08 GMT" time="11.192" errors="0">
  <testcase name="runScripts" time="5.72" classname="keyword.RunScripts"/>
</testsuite> <!-- Test-Keyword -->
