<?xml version="1.0" encoding="UTF-8"?>
<!-- Generated by org.testng.reporters.JUnitReportReporter -->
<testsuite hostname="Lenovo-pc" name="keyword.RunScripts" tests="1" failures="0" timestamp="27 May 2016 03:31:08 GMT" time="11.183" errors="0">
  <testcase name="runScripts" time="11.183" classname="keyword.RunScripts"/>
</testsuite> <!-- keyword.RunScripts -->
