<?xml version="1.0" encoding="UTF-8"?>
<!-- Generated by org.testng.reporters.JUnitReportReporter -->
<testsuite hostname="Kavitha" name="testcases.TC03_CreateLead" tests="1" failures="0" timestamp="24 Apr 2016 06:06:12 GMT" time="27.554" errors="0">
  <testcase name="loginForSuccess" time="27.554" classname="testcases.TC03_CreateLead"/>
</testsuite> <!-- testcases.TC03_CreateLead -->
